<?xml version="1.0" encoding="UTF-8"?>
<testng-results ignored="0" total="1" passed="1" failed="0" skipped="0">
  <reporter-output>
  </reporter-output>
  <suite started-at="2025-10-24T11:11:51 IST" name="Suite" finished-at="2025-10-24T11:12:04 IST" duration-ms="13474">
    <groups>
    </groups>
    <test started-at="2025-10-24T11:11:51 IST" name="Test" finished-at="2025-10-24T11:12:04 IST" duration-ms="13474">
      <class name="com.actitime.testcases.TC_1">
        <test-method is-config="true" signature="setup()[pri:0, instance:com.actitime.testcases.TC_1@79e2c065]" started-at="2025-10-24T11:11:51 IST" name="setup" finished-at="2025-10-24T11:11:59 IST" duration-ms="8014" status="PASS">
          <reporter-output>
          </reporter-output>
        </test-method> <!-- setup -->
        <test-method signature="login()[pri:0, instance:com.actitime.testcases.TC_1@79e2c065]" started-at="2025-10-24T11:11:59 IST" name="login" finished-at="2025-10-24T11:12:04 IST" duration-ms="5111" status="PASS">
          <reporter-output>
          </reporter-output>
        </test-method> <!-- login -->
        <test-method is-config="true" signature="teardown()[pri:0, instance:com.actitime.testcases.TC_1@79e2c065]" started-at="2025-10-24T11:12:04 IST" name="teardown" finished-at="2025-10-24T11:12:04 IST" duration-ms="278" status="PASS">
          <reporter-output>
          </reporter-output>
        </test-method> <!-- teardown -->
      </class> <!-- com.actitime.testcases.TC_1 -->
    </test> <!-- Test -->
  </suite> <!-- Suite -->
</testng-results>
