<?xml version="1.0" encoding="UTF-8"?>
<testng-results ignored="0" total="1" passed="1" failed="0" skipped="0">
  <reporter-output>
  </reporter-output>
  <suite started-at="2025-10-24T10:49:46 IST" name="Suite" finished-at="2025-10-24T10:50:03 IST" duration-ms="17033">
    <groups>
    </groups>
    <test started-at="2025-10-24T10:49:46 IST" name="Test" finished-at="2025-10-24T10:50:03 IST" duration-ms="17033">
      <class name="com.actitime.testcases.TC_1">
        <test-method is-config="true" signature="setup()[pri:0, instance:com.actitime.testcases.TC_1@217ed35e]" started-at="2025-10-24T10:49:46 IST" name="setup" finished-at="2025-10-24T10:49:56 IST" duration-ms="10037" status="PASS">
          <reporter-output>
          </reporter-output>
        </test-method> <!-- setup -->
        <test-method signature="login()[pri:0, instance:com.actitime.testcases.TC_1@217ed35e]" started-at="2025-10-24T10:49:56 IST" name="login" finished-at="2025-10-24T10:50:01 IST" duration-ms="5116" status="PASS">
          <reporter-output>
          </reporter-output>
        </test-method> <!-- login -->
        <test-method is-config="true" signature="teardown()[pri:0, instance:com.actitime.testcases.TC_1@217ed35e]" started-at="2025-10-24T10:50:01 IST" name="teardown" finished-at="2025-10-24T10:50:03 IST" duration-ms="1813" status="PASS">
          <reporter-output>
          </reporter-output>
        </test-method> <!-- teardown -->
      </class> <!-- com.actitime.testcases.TC_1 -->
    </test> <!-- Test -->
  </suite> <!-- Suite -->
</testng-results>
